<?xml version="1.0" encoding="UTF-8"?>
<!-- Generated by org.testng.reporters.JUnitXMLReporter -->
<testsuite ignored="0" hostname="LAPTOP-2Q1SJRBK" failures="0" tests="1" name="Default test(failed)" time="0.13" errors="0" timestamp="2022-10-09T17:45:37 IST">
  <testcase classname="com.SauceDemo.TestClass.TestBaseClass" name="@BeforeMethod setup" time="-1.665317736801E9">
    <failure type="org.testng.TestNGException" message="
Parameter &amp;apos;browserName&amp;apos; is required by BeforeMethod on method setup but has not been marked @Optional or defined
in C:\Users\HP\eclipse-workspace\SauceDemo_Project\test-output\testng-failed.xml">
      <![CDATA[org.testng.TestNGException: 
Parameter 'browserName' is required by BeforeMethod on method setup but has not been marked @Optional or defined
in C:\Users\HP\eclipse-workspace\SauceDemo_Project\test-output\testng-failed.xml
at java.base/java.util.ArrayList.forEach(ArrayList.java:1511)
... Removed 28 stack frames]]>
    </failure>
  </testcase> <!-- @BeforeMethod setup -->
  <testcase classname="com.SauceDemo.TestClass.TestBaseClass" name="@AfterMethod tearDown" time="-1.665317736832E9">
    <skipped/>
  </testcase> <!-- @AfterMethod tearDown -->
  <testcase classname="com.SauceDemo.TestClass.TC02_TestClass_LogOutFunctionality" name="verifyLOgOutFunctionality" time="0.0">
    <skipped/>
  </testcase> <!-- verifyLOgOutFunctionality -->
</testsuite> <!-- Default test(failed) -->
